<?xml version="1.0" encoding="UTF-8"?>
<testng-results ignored="0" total="1" passed="1" failed="0" skipped="0">
  <reporter-output>
  </reporter-output>
  <suite started-at="2025-08-28T17:02:58 IST" name="Default suite" finished-at="2025-08-28T17:03:07 IST" duration-ms="9201">
    <groups>
    </groups>
    <test started-at="2025-08-28T17:02:58 IST" name="Default test" finished-at="2025-08-28T17:03:07 IST" duration-ms="9201">
      <class name="Seleniumm.Q9_Screenshot">
        <test-method is-config="true" signature="setup()[pri:0, instance:Seleniumm.Q9_Screenshot@2d3379b4]" started-at="2025-08-28T17:02:58 IST" name="setup" finished-at="2025-08-28T17:03:03 IST" duration-ms="4987" status="PASS">
          <reporter-output>
          </reporter-output>
        </test-method> <!-- setup -->
        <test-method signature="captureScreenshotWithReport()[pri:0, instance:Seleniumm.Q9_Screenshot@2d3379b4]" started-at="2025-08-28T17:03:03 IST" name="captureScreenshotWithReport" finished-at="2025-08-28T17:03:07 IST" duration-ms="3791" status="PASS">
          <reporter-output>
          </reporter-output>
        </test-method> <!-- captureScreenshotWithReport -->
        <test-method is-config="true" signature="tearDown()[pri:0, instance:Seleniumm.Q9_Screenshot@2d3379b4]" started-at="2025-08-28T17:03:07 IST" name="tearDown" finished-at="2025-08-28T17:03:07 IST" duration-ms="387" status="PASS">
          <reporter-output>
          </reporter-output>
        </test-method> <!-- tearDown -->
      </class> <!-- Seleniumm.Q9_Screenshot -->
    </test> <!-- Default test -->
  </suite> <!-- Default suite -->
</testng-results>
