<?xml version="1.0" encoding="UTF-8"?>
<testng-results ignored="0" total="1" passed="1" failed="0" skipped="0">
  <reporter-output>
  </reporter-output>
  <suite started-at="2025-09-08T14:35:17 IST" name="Default suite" finished-at="2025-09-08T14:35:37 IST" duration-ms="20117">
    <groups>
    </groups>
    <test started-at="2025-09-08T14:35:17 IST" name="Default test" finished-at="2025-09-08T14:35:37 IST" duration-ms="20117">
      <class name="com.capstone.test.EndtoEndTest5">
        <test-method is-config="true" signature="setupreport()[pri:0, instance:com.capstone.test.EndtoEndTest5@6a2f6f80]" started-at="2025-09-08T14:35:17 IST" name="setupreport" finished-at="2025-09-08T14:35:17 IST" duration-ms="209" status="PASS">
          <reporter-output>
          </reporter-output>
        </test-method> <!-- setupreport -->
        <test-method is-config="true" signature="setup()[pri:0, instance:com.capstone.test.EndtoEndTest5@6a2f6f80]" started-at="2025-09-08T14:35:17 IST" name="setup" finished-at="2025-09-08T14:35:19 IST" duration-ms="1898" status="PASS">
          <reporter-output>
          </reporter-output>
        </test-method> <!-- setup -->
        <test-method is-config="true" signature="beforeMethod()[pri:0, instance:com.capstone.test.EndtoEndTest5@6a2f6f80]" started-at="2025-09-08T14:35:19 IST" name="beforeMethod" finished-at="2025-09-08T14:35:20 IST" duration-ms="784" status="PASS">
          <reporter-output>
          </reporter-output>
        </test-method> <!-- beforeMethod -->
        <test-method signature="testCartCheckoutUpToConfirmOrder()[pri:0, instance:com.capstone.test.EndtoEndTest5@6a2f6f80]" started-at="2025-09-08T14:35:20 IST" name="testCartCheckoutUpToConfirmOrder" finished-at="2025-09-08T14:35:37 IST" duration-ms="17009" status="PASS">
          <reporter-output>
          </reporter-output>
        </test-method> <!-- testCartCheckoutUpToConfirmOrder -->
        <test-method is-config="true" signature="afterMethod()[pri:0, instance:com.capstone.test.EndtoEndTest5@6a2f6f80]" started-at="2025-09-08T14:35:37 IST" name="afterMethod" finished-at="2025-09-08T14:35:37 IST" duration-ms="198" status="PASS">
          <reporter-output>
          </reporter-output>
        </test-method> <!-- afterMethod -->
        <test-method is-config="true" signature="teardown()[pri:0, instance:com.capstone.test.EndtoEndTest5@6a2f6f80]" started-at="2025-09-08T14:35:37 IST" name="teardown" finished-at="2025-09-08T14:35:37 IST" duration-ms="200" status="PASS">
          <reporter-output>
          </reporter-output>
        </test-method> <!-- teardown -->
        <test-method is-config="true" signature="flushreport()[pri:0, instance:com.capstone.test.EndtoEndTest5@6a2f6f80]" started-at="2025-09-08T14:35:37 IST" name="flushreport" finished-at="2025-09-08T14:35:37 IST" duration-ms="349" status="PASS">
          <reporter-output>
          </reporter-output>
        </test-method> <!-- flushreport -->
      </class> <!-- com.capstone.test.EndtoEndTest5 -->
    </test> <!-- Default test -->
  </suite> <!-- Default suite -->
</testng-results>
