<?xml version="1.0" encoding="UTF-8"?>
<testng-results ignored="0" total="2" passed="2" failed="0" skipped="0">
  <reporter-output>
  </reporter-output>
  <suite started-at="2025-08-22T17:08:02 IST" name="Suite" finished-at="2025-08-22T17:08:12 IST" duration-ms="10122">
    <groups>
    </groups>
    <test started-at="2025-08-22T17:08:02 IST" name="Test" finished-at="2025-08-22T17:08:12 IST" duration-ms="10122">
      <class name="Wipro.Lab11_3">
        <test-method is-config="true" signature="beforeSuite()[pri:0, instance:Wipro.Lab11_3@293a5bf6]" started-at="2025-08-22T17:08:02 IST" name="beforeSuite" finished-at="2025-08-22T17:08:02 IST" duration-ms="13" status="PASS">
          <reporter-output>
          </reporter-output>
        </test-method> <!-- beforeSuite -->
        <test-method is-config="true" signature="beforeTest()[pri:0, instance:Wipro.Lab11_3@293a5bf6]" started-at="2025-08-22T17:08:02 IST" name="beforeTest" finished-at="2025-08-22T17:08:02 IST" duration-ms="0" status="PASS">
          <reporter-output>
          </reporter-output>
        </test-method> <!-- beforeTest -->
        <test-method is-config="true" signature="beforeClass()[pri:0, instance:Wipro.Lab11_3@293a5bf6]" started-at="2025-08-22T17:08:02 IST" name="beforeClass" finished-at="2025-08-22T17:08:02 IST" duration-ms="1" status="PASS">
          <reporter-output>
          </reporter-output>
        </test-method> <!-- beforeClass -->
        <test-method is-config="true" signature="beforeMethod()[pri:0, instance:Wipro.Lab11_3@293a5bf6]" started-at="2025-08-22T17:08:02 IST" name="beforeMethod" finished-at="2025-08-22T17:08:05 IST" duration-ms="3175" status="PASS">
          <reporter-output>
          </reporter-output>
        </test-method> <!-- beforeMethod -->
        <test-method signature="f()[pri:0, instance:Wipro.Lab11_3@293a5bf6]" started-at="2025-08-22T17:08:05 IST" name="f" finished-at="2025-08-22T17:08:06 IST" duration-ms="889" status="PASS">
          <reporter-output>
          </reporter-output>
        </test-method> <!-- f -->
        <test-method is-config="true" signature="afterMethod()[pri:0, instance:Wipro.Lab11_3@293a5bf6]" started-at="2025-08-22T17:08:06 IST" name="afterMethod" finished-at="2025-08-22T17:08:06 IST" duration-ms="0" status="PASS">
          <reporter-output>
          </reporter-output>
        </test-method> <!-- afterMethod -->
        <test-method is-config="true" signature="afterClass()[pri:0, instance:Wipro.Lab11_3@293a5bf6]" started-at="2025-08-22T17:08:06 IST" name="afterClass" finished-at="2025-08-22T17:08:06 IST" duration-ms="0" status="PASS">
          <reporter-output>
          </reporter-output>
        </test-method> <!-- afterClass -->
        <test-method is-config="true" signature="afterTest()[pri:0, instance:Wipro.Lab11_3@293a5bf6]" started-at="2025-08-22T17:08:12 IST" name="afterTest" finished-at="2025-08-22T17:08:12 IST" duration-ms="1" status="PASS">
          <reporter-output>
          </reporter-output>
        </test-method> <!-- afterTest -->
        <test-method is-config="true" signature="afterSuite()[pri:0, instance:Wipro.Lab11_3@293a5bf6]" started-at="2025-08-22T17:08:12 IST" name="afterSuite" finished-at="2025-08-22T17:08:12 IST" duration-ms="0" status="PASS">
          <reporter-output>
          </reporter-output>
        </test-method> <!-- afterSuite -->
      </class> <!-- Wipro.Lab11_3 -->
      <class name="Wipro.Lab11_4">
        <test-method is-config="true" signature="beforeSuite()[pri:0, instance:Wipro.Lab11_4@38d8f54a]" started-at="2025-08-22T17:08:02 IST" name="beforeSuite" finished-at="2025-08-22T17:08:02 IST" duration-ms="0" status="PASS">
          <reporter-output>
          </reporter-output>
        </test-method> <!-- beforeSuite -->
        <test-method is-config="true" signature="beforeTest()[pri:0, instance:Wipro.Lab11_4@38d8f54a]" started-at="2025-08-22T17:08:02 IST" name="beforeTest" finished-at="2025-08-22T17:08:02 IST" duration-ms="1" status="PASS">
          <reporter-output>
          </reporter-output>
        </test-method> <!-- beforeTest -->
        <test-method is-config="true" signature="beforeClass()[pri:0, instance:Wipro.Lab11_4@38d8f54a]" started-at="2025-08-22T17:08:06 IST" name="beforeClass" finished-at="2025-08-22T17:08:06 IST" duration-ms="0" status="PASS">
          <reporter-output>
          </reporter-output>
        </test-method> <!-- beforeClass -->
        <test-method is-config="true" signature="beforeMethod()[pri:0, instance:Wipro.Lab11_4@38d8f54a]" started-at="2025-08-22T17:08:06 IST" name="beforeMethod" finished-at="2025-08-22T17:08:08 IST" duration-ms="1878" status="PASS">
          <reporter-output>
          </reporter-output>
        </test-method> <!-- beforeMethod -->
        <test-method signature="f()[pri:0, instance:Wipro.Lab11_4@38d8f54a]" started-at="2025-08-22T17:08:08 IST" name="f" finished-at="2025-08-22T17:08:12 IST" duration-ms="4129" status="PASS">
          <reporter-output>
          </reporter-output>
        </test-method> <!-- f -->
        <test-method is-config="true" signature="afterMethod()[pri:0, instance:Wipro.Lab11_4@38d8f54a]" started-at="2025-08-22T17:08:12 IST" name="afterMethod" finished-at="2025-08-22T17:08:12 IST" duration-ms="1" status="PASS">
          <reporter-output>
          </reporter-output>
        </test-method> <!-- afterMethod -->
        <test-method is-config="true" signature="afterClass()[pri:0, instance:Wipro.Lab11_4@38d8f54a]" started-at="2025-08-22T17:08:12 IST" name="afterClass" finished-at="2025-08-22T17:08:12 IST" duration-ms="1" status="PASS">
          <reporter-output>
          </reporter-output>
        </test-method> <!-- afterClass -->
        <test-method is-config="true" signature="afterTest()[pri:0, instance:Wipro.Lab11_4@38d8f54a]" started-at="2025-08-22T17:08:12 IST" name="afterTest" finished-at="2025-08-22T17:08:12 IST" duration-ms="1" status="PASS">
          <reporter-output>
          </reporter-output>
        </test-method> <!-- afterTest -->
        <test-method is-config="true" signature="afterSuite()[pri:0, instance:Wipro.Lab11_4@38d8f54a]" started-at="2025-08-22T17:08:12 IST" name="afterSuite" finished-at="2025-08-22T17:08:12 IST" duration-ms="1" status="PASS">
          <reporter-output>
          </reporter-output>
        </test-method> <!-- afterSuite -->
      </class> <!-- Wipro.Lab11_4 -->
    </test> <!-- Test -->
  </suite> <!-- Suite -->
</testng-results>
